A2-1-100-100-8.ctp 9093.0 9093 0:07:48.830343
A2-10-50-150-5.ctp 15173.0 14977 0:08:15.957450
A2-1-100-100-4.ctp 11885.0 11885 0:08:14.374589
A2-1-100-100-6.ctp 10020.0 10020 0:08:56.166825
A2-25-100-100-8.ctp 23235.0 20556 0:18:41.746887
A1-1-25-75-6.ctp 8479.0 8479 0:02:42.479747
A2-25-100-100-6.ctp 26563.0 24442 0:17:03.559593
A1-1-50-50-6.ctp 9130.0 9130 0:04:25.268646
A1-25-50-50-8.ctp 17572.0 0 0:06:28.579809
A1-1-25-75-5.ctp 8479.0 8479 0:02:41.731198
A1-13-25-75-8.ctp 12767.0 0 0:02:11.398437
A1-25-50-50-6.ctp 21805.0 0 0:06:24.636246
A1-5-25-75-8.ctp 8265.0 8265 0:01:03.470122
A2-1-50-150-6.ctp 10068.0 10068 0:05:44.622769
A1-25-50-50-4.ctp 26680.0 0 0:03:56.681004
A2-1-50-150-5.ctp 10407.0 10407 0:05:10.166257
A1-1-50-50-5.ctp 9220.0 9220 0:02:26.809944
A1-1-25-75-4.ctp 8479.0 8479 0:01:36.812701
A2-1-100-100-5.ctp 10234.0 10234 0:04:35.066980
A2-20-100-100-8.ctp 19568.0 18418 0:09:41.627963
A1-5-25-75-6.ctp 8659.0 8659 0:00:51.922256
A1-1-50-50-8.ctp 9130.0 9130 0:02:24.032874
A2-20-100-100-6.ctp 22439.0 20966 0:10:07.886871
A2-1-50-150-8.ctp 8896.0 8896 0:04:10.846465
A1-5-25-75-5.ctp 8659.0 8659 0:00:47.791969
A1-25-50-50-5.ctp 23082.0 0 0:03:20.346946
A2-20-100-100-5.ctp 24078.0 23419 0:09:53.184398
A1-10-50-50-4.ctp 17953.0 17973 0:03:49.324004
A1-13-25-75-6.ctp 13645.0 0 0:01:18.067989
A2-25-100-100-5.ctp 27863.0 26993 0:09:57.946385
A2-1-50-150-4.ctp 11550.0 11550 0:03:56.901310
A2-20-100-100-4.ctp 27326.0 26594 0:08:48.534191
A2-10-50-150-4.ctp 17083.0 17083 0:04:49.115504
A1-10-50-50-8.ctp 13494.0 13369 0:03:51.527428
A2-10-50-150-6.ctp 13894.0 13894 0:05:12.350721
A1-13-25-75-4.ctp 16515.0 0 0:01:19.337943
A1-1-25-75-8.ctp 7985.0 7985 0:01:33.817978
A2-25-100-100-4.ctp 33031.0 31000 0:10:09.081395
A2-10-50-150-8.ctp 11949.0 11942 0:05:01.453049
A1-10-50-50-6.ctp 14064.0 14064 0:03:41.048531
A1-5-25-75-4.ctp 10827.0 10827 0:00:58.016565
A1-10-50-50-5.ctp 15599.0 15440 0:03:28.561381
A1-13-25-75-5.ctp 13754.0 0 0:01:19.338800
A1-1-50-50-4.ctp 10271.0 10271 0:02:45.408384

