B1-25-50-50-4.ctp 31804.0 0 0:04:42.720124
B1-1-50-50-5.ctp 9723.0 9723 0:02:23.403079
B1-1-50-50-4.ctp 10107.0 10107 0:02:18.357322
B1-13-25-75-8.ctp 10468.0 0 0:01:20.911990
B1-1-25-75-4.ctp 7146.0 7146 0:01:32.559952
B1-25-50-50-8.ctp 20677.0 0 0:04:36.230719
B1-10-50-50-6.ctp 12067.0 12067 0:03:37.864846
B1-1-25-75-8.ctp 6450.0 6450 0:01:29.975100
B1-13-25-75-4.ctp 15126.0 0 0:01:28.813506
B1-1-50-50-8.ctp 8516.0 8348 0:02:22.383777
B1-25-50-50-6.ctp 24462.0 0 0:04:36.016646
B1-13-25-75-6.ctp 11365.0 0 0:01:32.501476
B1-1-25-75-5.ctp 6901.0 6901 0:01:24.486103
B1-1-25-75-6.ctp 6450.0 6450 0:01:21.275376
B1-5-25-75-4.ctp 9465.0 9465 0:01:35.502926
B1-5-25-75-8.ctp 8306.0 8306 0:01:20.821818
B1-5-25-75-6.ctp 9148.0 9148 0:01:16.939046
B1-10-50-50-4.ctp 15209.0 15209 0:03:36.969798
B1-10-50-50-5.ctp 13684.0 13535 0:03:11.902044
B1-25-50-50-5.ctp 27391.0 0 0:04:08.848080
B1-10-50-50-8.ctp 10344.0 10344 0:03:25.662346
B1-13-25-75-5.ctp 12713.0 0 0:01:32.327314
B1-5-25-75-5.ctp 9460.0 9460 0:01:18.335809
B1-1-50-50-6.ctp 9461.0 9382 0:02:40.251767
