B2-1-100-100-6.ctp 15903.0 14926 0:21:03.994466
B2-1-50-150-5.ctp 10502.0 10502 0:05:38.741303
B2-1-100-100-8.ctp 13644.0 13137 0:21:55.100685
B2-1-100-100-4.ctp 18680.0 18370 0:18:37.368879
B2-10-50-150-6.ctp 13021.0 12954 0:05:48.400449
B2-1-50-150-8.ctp 8846.0 8846 0:04:44.792282
B2-20-100-100-4.ctp 35992.0 34073 0:20:30.349900
B2-20-100-100-8.ctp 23640.0 22156 0:21:48.228258
B2-1-50-150-4.ctp 11452.0 11175 0:04:55.001849
B2-10-50-150-8.ctp 11787.0 11495 0:06:24.683397
B2-25-100-100-4.ctp 40121.0 37614 0:21:26.618696
B2-25-100-100-8.ctp 26767.0 24089 0:24:38.239305
B2-20-100-100-5.ctp 30809.0 29412 0:21:31.430425
B2-10-50-150-5.ctp 14188.0 14188 0:06:09.420142
B2-20-100-100-6.ctp 27877.0 25960 0:22:10.909627
B2-1-100-100-5.ctp 16022.0 15876 0:18:03.843343
B2-25-100-100-6.ctp 30977.0 28581 0:24:34.749900
B2-25-100-100-5.ctp 34535.0 32240 0:20:52.324296
B2-1-50-150-6.ctp 9876.0 9799 0:04:46.950478
B2-10-50-150-4.ctp 16667.0 16667 0:05:47.783400
