C1-1-50-50-5.ctp 9900.0 9900 0:05:07.005105
C1-13-25-75-8.ctp 12843.0 0 0:02:35.776037
C1-25-50-50-6.ctp 24284.0 0 0:07:33.206677
C1-1-25-75-5.ctp 6161.0 6161 0:01:21.422557
C1-10-50-50-4.ctp 18256.0 18212 0:04:51.398715
C1-1-25-75-4.ctp 6161.0 6161 0:01:28.341206
C1-5-25-75-6.ctp 9321.0 9321 0:01:44.514846
C1-5-25-75-5.ctp 9707.0 9707 0:01:56.388416
C1-25-50-50-5.ctp 27214.0 0 0:06:25.804204
C1-1-25-75-6.ctp 6161.0 6161 0:01:23.352835
C1-13-25-75-5.ctp 16827.0 0 0:02:45.787648
C1-1-50-50-8.ctp 8699.0 8699 0:05:07.079756
C1-25-50-50-8.ctp 21266.0 0 0:06:42.922635
C1-1-25-75-8.ctp 6161.0 6161 0:01:20.783633
C1-10-50-50-5.ctp 16482.0 16362 0:05:37.106735
C1-5-25-75-4.ctp 9898.0 9898 0:02:13.648751
C1-1-50-50-4.ctp 11372.0 11372 0:05:12.097755
C1-25-50-50-4.ctp 30449.0 0 0:07:13.196767
C1-5-25-75-8.ctp 7474.0 7474 0:01:52.662372
C1-10-50-50-6.ctp 15284.0 14749 0:05:25.135770
C1-10-50-50-8.ctp 12394.0 12414 0:05:49.205651
C1-13-25-75-6.ctp 15656.0 0 0:02:26.876064
C1-13-25-75-4.ctp 18270.0 0 0:02:42.783215
C1-1-50-50-6.ctp 9895.0 9895 0:05:09.128343
