D1-10-50-50-6.ctp 16343.0 16330 0:07:14.187281
D1-13-25-75-5.ctp 16474.0 0 0:02:39.420217
D1-1-50-50-4.ctp 11606.0 11606 0:05:14.538945
D1-1-50-50-6.ctp 10525.0 10680 0:05:01.501840
D1-1-50-50-5.ctp 10770.0 10770 0:04:49.520837
D1-5-25-75-6.ctp 9676.0 9669 0:01:59.802379
D1-5-25-75-5.ctp 10982.0 10982 0:02:17.218743
D1-5-25-75-8.ctp 8200.0 8200 0:01:53.645313
D1-1-25-75-5.ctp 7465.0 7465 0:02:06.804829
D1-10-50-50-5.ctp 18576.0 18576 0:06:29.654533
D1-1-25-75-8.ctp 6651.0 6651 0:02:10.065556
D1-25-50-50-8.ctp 23830.0 0 0:08:34.706075
D1-10-50-50-8.ctp 14204.0 14204 0:07:03.397738
D1-13-25-75-4.ctp 19508.0 0 0:02:32.617913
D1-1-50-50-8.ctp 9361.0 9361 0:05:22.789540
D1-13-25-75-6.ctp 15571.0 0 0:02:39.979633
D1-1-25-75-4.ctp 7671.0 7671 0:02:20.936975
D1-5-25-75-4.ctp 11820.0 11820 0:02:15.669921
D1-25-50-50-5.ctp 31796.0 0 0:07:33.584348
D1-25-50-50-4.ctp 36064.0 0 0:07:52.210873
D1-25-50-50-6.ctp 28401.0 0 0:06:59.070090
D1-10-50-50-4.ctp 21210.0 20982 0:04:57.425837
D1-1-25-75-6.ctp 6651.0 6651 0:01:24.697791
D1-13-25-75-8.ctp 14182.0 0 0:01:37.267434
