A1-1-25-75-6.ctp 8479.0 8479 0:04:44.984421
A1-1-50-50-6.ctp 9130.0 9130 0:09:41.393182
A1-25-50-50-8.ctp 18300.0 0 0:11:01.017346
A1-1-25-75-5.ctp 8479.0 8479 0:04:45.826898
A1-13-25-75-8.ctp 12767.0 0 0:03:51.671771
A1-25-50-50-6.ctp 22414.0 0 0:11:39.576435
A1-5-25-75-8.ctp 8265.0 8265 0:02:56.051261
A1-25-50-50-4.ctp 27193.0 0 0:11:06.888665
A1-1-50-50-5.ctp 9220.0 9220 0:08:12.363182
A1-1-25-75-4.ctp 8479.0 8479 0:04:55.992408
A1-5-25-75-6.ctp 8659.0 8659 0:02:51.336391
A1-1-50-50-8.ctp 9130.0 9130 0:08:27.382873
A1-5-25-75-5.ctp 8659.0 8659 0:02:36.308321
A1-25-50-50-5.ctp 23028.0 0 0:12:07.816742
A1-10-50-50-4.ctp 17989.0 17973 0:10:39.534316
A1-13-25-75-6.ctp 13645.0 0 0:04:00.389406
A1-10-50-50-8.ctp 13415.0 13369 0:11:04.403530
A1-13-25-75-4.ctp 16515.0 0 0:03:37.151817
A1-1-25-75-8.ctp 7985.0 7985 0:04:57.695680
A1-10-50-50-6.ctp 14314.0 14064 0:11:07.276915
A1-5-25-75-4.ctp 10827.0 10827 0:02:41.310040
A1-10-50-50-5.ctp 15543.0 15440 0:09:44.680714
A1-13-25-75-5.ctp 13754.0 0 0:02:41.060575
A1-1-50-50-4.ctp 10271.0 10271 0:05:39.648934
