A2-1-100-100-8.ctp 9093.0 9093 0:15:07.482066
A2-10-50-150-5.ctp 15159.0 14977 0:13:09.211870
A2-1-100-100-4.ctp 11885.0 11885 0:16:43.676910
A2-1-100-100-6.ctp 10080.0 10020 0:16:49.467099
A2-25-100-100-8.ctp 23231.0 20556 0:31:43.428035
A2-25-100-100-6.ctp 26278.0 24442 0:28:11.140287
A2-1-50-150-6.ctp 10068.0 10068 0:16:12.234411
A2-1-50-150-5.ctp 10407.0 10407 0:13:37.518901
A2-1-100-100-5.ctp 10234.0 10234 0:10:02.193974
A2-20-100-100-8.ctp 19644.0 18418 0:13:38.468102
A2-20-100-100-6.ctp 21934.0 20966 0:09:37.392285
A2-1-50-150-8.ctp 8896.0 8896 0:04:43.706980
A2-20-100-100-5.ctp 25915.0 23419 0:08:35.674037
A2-25-100-100-5.ctp 29674.0 26993 0:09:36.516736
A2-1-50-150-4.ctp 11550.0 11550 0:04:56.935497
A2-20-100-100-4.ctp 27436.0 26594 0:08:18.704591
A2-10-50-150-4.ctp 17768.0 17083 0:04:30.796877
A2-10-50-150-6.ctp 14344.0 13894 0:04:24.781660
A2-25-100-100-4.ctp 34499.0 31000 0:09:22.665024
A2-10-50-150-8.ctp 11942.0 11942 0:04:18.357306
