B1-25-50-50-4.ctp 31649.0 0 0:08:08.450264
B1-1-50-50-5.ctp 9723.0 9723 0:06:23.681271
B1-1-50-50-4.ctp 10107.0 10107 0:06:34.771825
B1-13-25-75-8.ctp 10468.0 0 0:03:40.996047
B1-1-25-75-4.ctp 7146.0 7146 0:04:19.053088
B1-25-50-50-8.ctp 21521.0 0 0:13:30.026643
B1-10-50-50-6.ctp 12067.0 12067 0:08:43.485555
B1-1-25-75-8.ctp 6450.0 6450 0:03:36.897495
B1-13-25-75-4.ctp 15126.0 0 0:03:53.468660
B1-1-50-50-8.ctp 8379.0 8348 0:06:30.200212
B1-25-50-50-6.ctp 25436.0 0 0:11:38.916644
B1-13-25-75-6.ctp 11365.0 0 0:03:48.380452
B1-1-25-75-5.ctp 6901.0 6901 0:03:51.080338
B1-1-25-75-6.ctp 6450.0 6450 0:03:56.236587
B1-5-25-75-4.ctp 9465.0 9465 0:03:49.290726
B1-5-25-75-8.ctp 8306.0 8306 0:03:32.103291
B1-5-25-75-6.ctp 9148.0 9148 0:03:38.999863
B1-10-50-50-4.ctp 15209.0 15209 0:08:28.474675
B1-10-50-50-5.ctp 13866.0 13535 0:08:12.513967
B1-25-50-50-5.ctp 28366.0 0 0:10:56.859223
B1-10-50-50-8.ctp 10344.0 10344 0:08:24.087824
B1-13-25-75-5.ctp 12713.0 0 0:03:54.463698
B1-5-25-75-5.ctp 9460.0 9460 0:03:30.855770
B1-1-50-50-6.ctp 9382.0 9382 0:06:09.200187
