B2-1-100-100-6.ctp 14867.0 14926 0:47:53.678213
B2-1-50-150-5.ctp 10502.0 10502 0:15:15.111479
B2-1-100-100-8.ctp 13347.0 13137 0:53:25.068244
B2-1-100-100-4.ctp 18841.0 18370 0:44:17.267187
B2-10-50-150-6.ctp 13021.0 12954 0:10:20.780825
B2-1-50-150-8.ctp 9087.0 8846 0:05:48.657931
B2-20-100-100-4.ctp 35621.0 34073 0:18:47.159767
B2-20-100-100-8.ctp 24857.0 22156 0:20:45.859029
B2-1-50-150-4.ctp 11175.0 11175 0:04:58.683361
B2-10-50-150-8.ctp 11495.0 11495 0:05:31.914352
B2-25-100-100-4.ctp 41081.0 37614 0:18:54.642314
B2-25-100-100-8.ctp 26875.0 24089 0:20:20.462817
B2-20-100-100-5.ctp 30952.0 29412 0:18:57.693054
B2-10-50-150-5.ctp 14188.0 14188 0:05:05.552086
B2-20-100-100-6.ctp 28546.0 25960 0:17:39.911004
B2-1-100-100-5.ctp 15876.0 15876 0:15:57.486385
B2-25-100-100-6.ctp 31840.0 28581 0:19:07.601546
B2-25-100-100-5.ctp 35642.0 32240 0:19:49.799072
B2-1-50-150-6.ctp 9799.0 9799 0:04:33.447304
B2-10-50-150-4.ctp 16686.0 16667 0:05:02.762087
