C1-1-50-50-5.ctp 9900.0 9900 0:10:17.205073
C1-13-25-75-8.ctp 13286.0 0 0:04:29.451698
C1-25-50-50-6.ctp 24903.0 0 0:11:31.097765
C1-1-25-75-5.ctp 6161.0 6161 0:02:31.750259
C1-10-50-50-4.ctp 18292.0 18212 0:08:51.172250
C1-1-25-75-4.ctp 6161.0 6161 0:02:27.955520
C1-5-25-75-6.ctp 9321.0 9321 0:03:08.279981
C1-5-25-75-5.ctp 9707.0 9707 0:03:29.316363
C1-25-50-50-5.ctp 27284.0 0 0:10:13.588045
C1-1-25-75-6.ctp 6161.0 6161 0:02:27.599195
C1-13-25-75-5.ctp 16827.0 0 0:04:21.346673
C1-1-50-50-8.ctp 8699.0 8699 0:09:34.069805
C1-25-50-50-8.ctp 22284.0 0 0:10:45.828882
C1-1-25-75-8.ctp 6161.0 6161 0:02:25.646616
C1-10-50-50-5.ctp 16482.0 16362 0:08:48.331565
C1-5-25-75-4.ctp 9898.0 9898 0:03:24.303867
C1-1-50-50-4.ctp 11372.0 11372 0:09:41.813134
C1-25-50-50-4.ctp 31566.0 0 0:10:32.351797
C1-5-25-75-8.ctp 7474.0 7474 0:03:12.339474
C1-10-50-50-6.ctp 15141.0 14749 0:08:42.927410
C1-10-50-50-8.ctp 12674.0 12414 0:09:17.680554
C1-13-25-75-6.ctp 15787.0 0 0:04:20.695248
C1-13-25-75-4.ctp 18270.0 0 0:03:49.322949
C1-1-50-50-6.ctp 9895.0 9895 0:07:58.087403
