D1-10-50-50-6.ctp 16596.0 16330 0:11:45.170974
D1-13-25-75-5.ctp 16474.0 0 0:04:47.616626
D1-1-50-50-4.ctp 11606.0 11606 0:08:28.094616
D1-1-50-50-6.ctp 10525.0 10680 0:08:37.188185
D1-1-50-50-5.ctp 10770.0 10770 0:08:36.870429
D1-5-25-75-6.ctp 9669.0 9669 0:03:40.431997
D1-5-25-75-5.ctp 10982.0 10982 0:03:53.054159
D1-5-25-75-8.ctp 8200.0 8200 0:03:33.782219
D1-1-25-75-5.ctp 7465.0 7465 0:04:00.676182
D1-10-50-50-5.ctp 19216.0 18576 0:11:53.259394
D1-1-25-75-8.ctp 6651.0 6651 0:03:38.683450
D1-25-50-50-8.ctp 23847.0 0 0:14:46.300551
D1-10-50-50-8.ctp 14251.0 14204 0:12:06.199526
D1-13-25-75-4.ctp 19508.0 0 0:04:17.152913
D1-1-50-50-8.ctp 9361.0 9361 0:08:56.458806
D1-13-25-75-6.ctp 15571.0 0 0:04:30.369937
D1-1-25-75-4.ctp 7671.0 7671 0:04:06.694065
D1-5-25-75-4.ctp 11820.0 11820 0:04:06.615900
D1-25-50-50-5.ctp 31325.0 0 0:13:32.628435
D1-25-50-50-4.ctp 36025.0 0 0:12:12.834554
D1-25-50-50-6.ctp 28669.0 0 0:09:52.126459
D1-10-50-50-4.ctp 21143.0 20982 0:06:10.010452
D1-1-25-75-6.ctp 6651.0 6651 0:01:53.057013
D1-13-25-75-8.ctp 14182.0 0 0:01:53.447351
