A1-1-25-75-6.ctp 8479.0 8479 0:02:12.244638
A1-1-50-50-6.ctp 9130.0 9130 0:03:51.558901
A1-25-50-50-8.ctp 17196.0 0 0:04:27.104983
A1-1-25-75-5.ctp 8479.0 8479 0:02:04.291881
A1-13-25-75-8.ctp 12767.0 0 0:01:27.722563
A1-25-50-50-6.ctp 22056.0 0 0:04:25.685901
A1-5-25-75-8.ctp 8265.0 8265 0:01:19.315639
A1-25-50-50-4.ctp 27214.0 0 0:04:14.004366
A1-1-50-50-5.ctp 9220.0 9220 0:04:32.269470
A1-1-25-75-4.ctp 8479.0 8479 0:02:11.974088
A1-5-25-75-6.ctp 8659.0 8659 0:01:15.890961
A1-1-50-50-8.ctp 9130.0 9130 0:03:38.158709
A1-5-25-75-5.ctp 8659.0 8659 0:01:15.626528
A1-25-50-50-5.ctp 23239.0 0 0:04:11.029382
A1-10-50-50-4.ctp 18055.0 17973 0:04:44.400880
A1-13-25-75-6.ctp 13645.0 0 0:01:32.504074
A1-10-50-50-8.ctp 13494.0 13369 0:04:37.093796
A1-13-25-75-4.ctp 16515.0 0 0:01:23.268943
A1-1-25-75-8.ctp 7985.0 7985 0:01:57.545386
A1-10-50-50-6.ctp 14263.0 14064 0:04:49.125876
A1-5-25-75-4.ctp 10827.0 10827 0:01:18.075900
A1-10-50-50-5.ctp 15632.0 15440 0:04:51.306380
A1-13-25-75-5.ctp 13754.0 0 0:01:29.652806
A1-1-50-50-4.ctp 10271.0 10271 0:03:43.891640
