data_mctp/
A2-1-50-150-5-500.ctp
Traceback (most recent call last):
  File "mctp.py", line 654, in <module>
    problem = MCTPProblem(data_path=file, max_tour_length=250)
  File "/home/hanu.nxhoai/pta/ctp/problem.py", line 54, in __init__
    self.load_data(data_path)
  File "/home/hanu.nxhoai/pta/ctp/problem.py", line 481, in load_data
    lines = open(data_path, 'r').readlines()
IOError: [Errno 2] No such file or directory: 'data_mctp/A2-1-50-150-5-500.ctp'
/opt/gridengine/default/spool/compute-0-8/job_scripts/598: line 12: /home/pta/git/ctp/run: No such file or directory
/home/hanu.nxhoai/pta/ctp/data_mctp/
A2-1-50-150-5-500.ctp
Traceback (most recent call last):
  File "mctp.py", line 654, in <module>
    problem = MCTPProblem(data_path=file, max_tour_length=250)
  File "/home/hanu.nxhoai/pta/ctp/problem.py", line 54, in __init__
    self.load_data(data_path)
  File "/home/hanu.nxhoai/pta/ctp/problem.py", line 481, in load_data
    lines = open(data_path, 'r').readlines()
IOError: [Errno 2] No such file or directory: '/home/hanu.nxhoai/pta/ctp/data_mctp/A2-1-50-150-5-500.ctp'
/opt/gridengine/default/spool/compute-0-1/job_scripts/599: line 12: /home/hanu.nxhoai/pta/ctp/run: No such file or directory
/home/hanu.nxhoai/pta/ctp/data_mctp/
A2-1-50-150-4-500.ctp 6250.0
gen	best_of_gen	nevals	avg    	std    	min  	max  
0  	16444      	50    	23220.2	2527.84	16444	30789
1  	13244      	38    	20927.9	3105.43	13244	29934
2  	13244      	41    	20074.6	2851.17	13244	26224
3  	12223      	36    	18407.7	3705.62	12223	27643
4  	11401      	41    	17634.8	3483.43	11401	26004
5  	11401      	33    	16810.7	3489.61	11401	25200
6  	11330      	34    	15321.5	3050.83	11330	21990
7  	11330      	39    	15004.7	3725.09	11330	23733
8  	11330      	37    	14964.5	3618.79	11330	21767
9  	11330      	34    	15111.8	3656.51	11330	24099
10 	11324      	40    	15816.6	4229.18	11324	26957
run 0: 11324.00 15 232
gen	best_of_gen	nevals	avg    	std    	min  	max  
0  	15822      	50    	23978.7	3596.49	15822	32487
1  	15822      	37    	21548.5	2722.28	15822	27493
2  	13792      	41    	20757.6	3442.42	13792	27989
3  	11040      	41    	19137.8	3371.13	11040	29743
4  	11040      	37    	17961.8	3722.29	11040	26187
5  	11024      	36    	16423.6	3780.77	11024	27879
6  	11024      	36    	16650.9	4012.13	11024	26948
7  	11024      	37    	16905.5	4146.74	11024	24871
8  	11024      	35    	16276.3	4228.65	11024	23804
9  	11024      	41    	16076.4	4392.47	11024	26689
10 	11024      	35    	15370  	4249.26	11024	25047
run 1: 11024.00 21 257
/opt/gridengine/default/spool/compute-0-6/job_scripts/600: line 12: /home/hanu.nxhoai/pta/ctp/run: No such file or directory
/home/hanu.nxhoai/pta/ctp/data_mctp/
A2-1-50-150-4-250.ctp 6000.0
gen	best_of_gen	nevals	avg    	std    	min  	max  
0  	17159      	50    	23673.8	2576.23	17159	31213
1  	14205      	38    	21413  	3008.77	14205	29934
2  	14205      	40    	20717.1	2948.58	14205	28301
3  	13686      	38    	19245.8	3129.71	13686	26533
4  	13686      	40    	18790.6	3106.89	13686	26707
5  	13686      	33    	18218  	3249.41	13686	25489
6  	11292      	32    	16715.7	2717.3 	11292	22678
7  	11022      	37    	16774.3	3426.93	11022	23207
8  	11022      	32    	15798.1	3531.09	11022	24218
9  	11022      	36    	16626.5	4448.52	11022	25980
10 	11022      	36    	16442.8	4602.42	11022	25834
run 0: 11022.00 13 227
gen	best_of_gen	nevals	avg    	std   	min  	max  
0  	16537      	50    	24359.5	3585.8	16537	32900
1  	16537      	37    	22165.7	2769.98	16537	27493
2  	13174      	41    	19919.5	2418.74	13174	25256
3  	11040      	45    	18874.7	3487.37	11040	26689
4  	11040      	36    	18088.5	3386.04	11040	25461
5  	11040      	31    	17227.4	3656.92	11040	24002
6  	11024      	32    	16516.6	4120.48	11024	28642
7  	11024      	41    	16038.7	4580.85	11024	28823
8  	11024      	39    	15076.6	4552.52	11024	25778
9  	11024      	38    	15287.4	4287.54	11024	23625
10 	11024      	32    	15972.6	4957.56	11024	26544
run 1: 11024.00 15 248
/opt/gridengine/default/spool/compute-0-4/job_scripts/601: line 12: /home/hanu.nxhoai/pta/ctp/run: No such file or directory
/home/hanu.nxhoai/pta/ctp/data_mctp/
A2-1-50-150-4-250.ctp 6000.0
gen	best_of_gen	nevals	avg    	std    	min  	max  
0  	17159      	50    	23673.8	2576.23	17159	31213
1  	14205      	38    	21413  	3008.77	14205	29934
2  	14205      	40    	20717.1	2948.58	14205	28301
3  	13686      	38    	19245.8	3129.71	13686	26533
4  	13686      	40    	18790.6	3106.89	13686	26707
5  	13686      	33    	18218  	3249.41	13686	25489
6  	11292      	32    	16715.7	2717.3 	11292	22678
7  	11022      	37    	16774.3	3426.93	11022	23207
8  	11022      	32    	15798.1	3531.09	11022	24218
9  	11022      	36    	16626.5	4448.52	11022	25980
10 	11022      	36    	16442.8	4602.42	11022	25834
run 0: 11022.00 13 227
gen	best_of_gen	nevals	avg    	std   	min  	max  
0  	16537      	50    	24359.5	3585.8	16537	32900
1  	16537      	37    	22165.7	2769.98	16537	27493
2  	13174      	41    	19919.5	2418.74	13174	25256
3  	11040      	45    	18874.7	3487.37	11040	26689
4  	11040      	36    	18088.5	3386.04	11040	25461
5  	11040      	31    	17227.4	3656.92	11040	24002
6  	11024      	32    	16516.6	4120.48	11024	28642
7  	11024      	41    	16038.7	4580.85	11024	28823
8  	11024      	39    	15076.6	4552.52	11024	25778
9  	11024      	38    	15287.4	4287.54	11024	23625
10 	11024      	32    	15972.6	4957.56	11024	26544
run 1: 11024.00 15 248
/opt/gridengine/default/spool/compute-0-9/job_scripts/602: line 12: /home/hanu.nxhoai/pta/ctp/run.sh: Permission denied
