A1-1-25-75-4.ctp 8479.0 8479 0:12:30.012355
A1-5-25-75-4.ctp 10827.0 10827 0:10:36.372211
A1-13-25-75-4.ctp 16515.0 0 0:46:25.864129
A1-1-50-50-6.ctp 9130.0 9130 0:23:28.619892
A1-5-25-75-6.ctp 8659.0 8659 0:09:48.027239
A1-10-50-50-8.ctp 13494.0 13369 1:10:59.112860
A1-10-50-50-5.ctp 15440.0 15440 1:20:38.375856
A1-1-50-50-8.ctp 9130.0 9130 0:21:22.825973
A1-25-50-50-5.ctp 22766.0 0 4:12:54.070183
A1-25-50-50-6.ctp 21696.0 0 4:00:35.035554
A1-13-25-75-5.ctp 13754.0 0 0:40:55.222052
A1-10-50-50-4.ctp 17953.0 17973 1:24:53.078195
A1-1-25-75-5.ctp 8479.0 8479 0:13:09.780933
A1-1-25-75-8.ctp 7985.0 7985 0:11:36.435563
A1-1-50-50-4.ctp 10271.0 10271 0:26:44.183602
A1-25-50-50-4.ctp 26663.0 0 4:48:15.551438
A1-10-50-50-6.ctp 14100.0 14064 1:09:15.047832
A1-1-25-75-6.ctp 8479.0 8479 0:13:04.744147
A1-25-50-50-8.ctp 17307.0 0 3:39:50.355582
A1-13-25-75-8.ctp 12767.0 0 0:31:47.720204
A1-1-50-50-5.ctp 9220.0 9220 0:20:29.371757
A1-5-25-75-5.ctp 8659.0 8659 0:08:39.127914
A1-5-25-75-8.ctp 8265.0 8265 0:07:33.450188
A1-13-25-75-6.ctp 13645.0 0 0:28:13.905778
