B1-1-50-50-5.ctp 9723.0 9723 0:18:00.252327
B1-25-50-50-4.ctp 31364.0 0 4:59:41.640581
B1-25-50-50-6.ctp 24045.0 0 4:26:20.657830
B1-10-50-50-5.ctp 13665.0 13535 0:59:36.815190
B1-10-50-50-4.ctp 15209.0 15209 0:59:49.475255
B1-13-25-75-4.ctp 15126.0 0 0:46:19.669594
B1-13-25-75-6.ctp 11365.0 0 0:40:55.696197
B1-10-50-50-8.ctp 10445.0 10344 0:48:29.304259
B1-1-50-50-4.ctp 10107.0 10107 0:18:10.887630
B1-25-50-50-5.ctp 27012.0 0 4:43:00.513317
B1-5-25-75-6.ctp 9148.0 9148 0:12:55.399410
B1-5-25-75-5.ctp 9460.0 9460 0:12:05.319135
B1-5-25-75-8.ctp 8306.0 8306 0:10:14.740805
B1-10-50-50-6.ctp 12067.0 12067 0:51:25.597486
B1-1-25-75-4.ctp 7146.0 7146 0:09:35.521539
B1-13-25-75-8.ctp 10468.0 0 0:35:04.408337
B1-1-25-75-5.ctp 6901.0 6901 0:09:16.939935
B1-1-25-75-8.ctp 6450.0 6450 0:08:33.251221
B1-1-50-50-8.ctp 8348.0 8348 0:16:38.524057
B1-5-25-75-4.ctp 9465.0 9465 0:13:35.461297
B1-25-50-50-8.ctp 20327.0 0 3:54:53.891332
B1-1-50-50-6.ctp 9382.0 9382 0:17:01.431838
B1-1-25-75-6.ctp 6450.0 6450 0:07:22.079594
B1-13-25-75-5.ctp 12713.0 0 0:33:54.792282
