C1-13-25-75-8.ctp 12843.0 0 0:40:21.542911
C1-5-25-75-5.ctp 9707.0 9707 0:12:43.787759
C1-1-25-75-4.ctp 6161.0 6161 0:04:53.019918
C1-1-25-75-5.ctp 6161.0 6161 0:05:16.719841
C1-1-50-50-6.ctp 9895.0 9895 0:23:29.204354
C1-25-50-50-5.ctp 26801.0 0 4:53:28.772384
C1-25-50-50-6.ctp 24125.0 0 4:37:38.919497
C1-1-25-75-8.ctp 6161.0 6161 0:05:14.543120
C1-13-25-75-6.ctp 15601.0 0 0:48:06.929933
C1-1-50-50-4.ctp 11372.0 11372 0:27:49.722351
C1-1-25-75-6.ctp 6161.0 6161 0:05:16.525181
C1-5-25-75-8.ctp 7474.0 7474 0:10:55.867101
C1-13-25-75-4.ctp 18270.0 0 0:54:14.584201
C1-10-50-50-4.ctp 18245.0 18212 1:01:34.933548
C1-25-50-50-8.ctp 20340.0 0 3:57:42.474555
C1-1-50-50-5.ctp 9900.0 9900 0:23:08.803095
C1-10-50-50-5.ctp 16482.0 16362 1:02:52.368048
C1-5-25-75-4.ctp 9898.0 9898 0:13:50.788825
C1-13-25-75-5.ctp 16827.0 0 0:57:12.610175
C1-1-50-50-8.ctp 8699.0 8699 0:25:31.029293
C1-25-50-50-4.ctp 30400.0 0 4:59:21.556568
C1-10-50-50-6.ctp 15114.0 14749 0:40:53.375858
C1-10-50-50-8.ctp 12394.0 12414 0:21:33.717627
C1-5-25-75-6.ctp 9321.0 9321 0:05:12.492246
