D1-1-25-75-5.ctp 7465.0 7465 0:07:23.923902
D1-25-50-50-6.ctp 27646.0 0 4:52:57.289477
D1-25-50-50-4.ctp 35538.0 0 5:42:21.438767
D1-1-50-50-8.ctp 9361.0 9361 0:24:45.319913
D1-5-25-75-5.ctp 10982.0 10982 0:13:45.191956
D1-10-50-50-5.ctp 18576.0 18576 1:11:30.604260
D1-10-50-50-4.ctp 21112.0 20982 1:20:01.548089
D1-13-25-75-5.ctp 16474.0 0 0:41:02.219310
D1-13-25-75-6.ctp 15571.0 0 0:41:50.467967
D1-13-25-75-4.ctp 19508.0 0 0:46:09.727495
D1-25-50-50-5.ctp 30272.0 0 5:22:48.812705
D1-1-50-50-5.ctp 10770.0 10770 0:21:41.811514
D1-5-25-75-8.ctp 8200.0 8200 0:11:23.163861
D1-10-50-50-6.ctp 16330.0 16330 1:05:53.355905
D1-10-50-50-8.ctp 14204.0 14204 1:06:30.726539
D1-1-25-75-8.ctp 6651.0 6651 0:08:18.077565
D1-5-25-75-6.ctp 9669.0 9669 0:13:07.635876
D1-25-50-50-8.ctp 23389.0 0 3:11:58.160561
D1-1-25-75-6.ctp 6651.0 6651 0:02:20.443386
D1-1-50-50-6.ctp 10710.0 10680 0:05:56.303653
D1-1-50-50-4.ctp 11606.0 11606 0:07:23.819847
D1-5-25-75-4.ctp 11820.0 11820 0:03:38.627470
D1-1-25-75-4.ctp 7671.0 7671 0:02:43.324701
D1-13-25-75-8.ctp 14182.0 0 0:10:02.604662
