A-50-50-6.ctp 0.00 6440.00 8 2 332 [46, 24, 38, 49, 41, 7, 48, 5] [[46, 24, 38, 49, 41, 7], [48, 5]]
A-75-75-8.ctp 0.00 5939.00 10 2 736 [74, 48, 5, 62, 66, 60, 72, 67, 8, 19] [[74, 48, 5, 62], [66, 60, 72, 67, 8, 19]]
A-50-100-4.ctp 0.00 6968.00 8 2 622 [24, 38, 29, 33, 20, 9, 48, 5] [[24, 38, 29, 33], [20, 9, 48, 5]]
A-100-100-4.ctp 0.00 7365.00 9 3 848 [53, 82, 49, 64, 52, 9, 98, 92, 11] [[53, 82, 49, 64], [52], [9, 98, 92, 11]]
A-100-100-5.ctp 0.00 7311.00 9 2 734 [52, 9, 98, 92, 11, 53, 82, 49, 64] [[52, 9, 98, 92, 11], [53, 82, 49, 64]]
A-75-75-4.ctp 0.00 7014.00 9 3 597 [62, 28, 29, 67, 24, 7, 74, 48, 5] [[62], [28, 29, 67, 24], [7, 74, 48, 5]]
A-25-75-4.ctp 0.00 4319.00 5 2 215 [6, 11, 19, 22, 7] [[6, 11, 19, 22], [7]]
A-75-75-5.ctp 0.00 6061.00 9 2 601 [19, 8, 67, 72, 60, 62, 5, 48, 18] [[19, 8, 67, 72, 60], [62, 5, 48, 18]]
A-50-50-8.ctp 0.00 6106.00 8 1 205 [46, 24, 38, 49, 39, 41, 7, 5] [[46, 24, 38, 49, 39, 41, 7, 5]]
A-25-75-8.ctp 0.00 4172.00 5 1 144 [22, 19, 11, 6, 7] [[22, 19, 11, 6, 7]]
A-50-150-8.ctp 0.00 5315.00 8 1 380 [39, 45, 48, 3, 34, 1, 46, 19] [[39, 45, 48, 3, 34, 1, 46, 19]]
A-25-75-6.ctp 0.00 4172.00 5 1 142 [7, 6, 11, 19, 22] [[7, 6, 11, 19, 22]]
A-100-100-6.ctp 0.00 7310.00 9 2 506 [53, 82, 49, 64, 11, 92, 9, 98, 52] [[53, 82, 49, 64], [11, 92, 9, 98, 52]]
A-50-150-6.ctp 0.00 5726.00 9 2 492 [45, 48, 39, 14, 12, 30, 5, 1, 34] [[45, 48, 39], [14, 12, 30, 5, 1, 34]]
A-50-150-5.ctp 0.00 5728.00 9 2 465 [45, 48, 11, 39, 12, 30, 5, 1, 34] [[45, 48, 11, 39], [12, 30, 5, 1, 34]]
A-25-75-5.ctp 0.00 4172.00 5 1 136 [7, 6, 11, 19, 22] [[7, 6, 11, 19, 22]]
A-50-50-4.ctp 0.00 6678.00 7 2 233 [49, 38, 24, 5, 48, 18, 9] [[49, 38, 24], [5, 48, 18, 9]]
A-50-50-5.ctp 0.00 6678.00 7 2 242 [24, 38, 49, 5, 48, 18, 9] [[24, 38, 49], [5, 48, 18, 9]]
A-50-100-6.ctp 0.00 6121.00 9 2 468 [27, 6, 8, 24, 43, 39, 5, 48, 9] [[27, 6, 8, 24, 43, 39], [5, 48, 9]]
A-75-75-6.ctp 0.00 5897.00 10 2 462 [62, 5, 48, 74, 66, 68, 67, 6, 19, 60] [[62, 5, 48, 74], [66, 68, 67, 6, 19, 60]]
A-100-100-8.ctp 0.00 6274.00 8 1 470 [18, 98, 9, 13, 49, 82, 53, 64] [[18, 98, 9, 13, 49, 82, 53, 64]]
A-50-100-8.ctp 0.00 6121.00 9 2 444 [27, 6, 8, 24, 43, 39, 9, 48, 5] [[27, 6, 8, 24, 43, 39], [9, 48, 5]]
A-50-150-4.ctp 0.00 5888.00 8 2 425 [45, 48, 11, 39, 19, 46, 1, 34] [[45, 48, 11, 39], [19, 46, 1, 34]]
A-50-100-5.ctp 0.00 6413.00 8 2 430 [33, 29, 38, 24, 27, 9, 48, 5] [[33, 29, 38, 24, 27], [9, 48, 5]]
[('move6', 1611), ('move5', 2413), ('move8', 2567), ('move2', 3308), ('move4', 3380), ('move3', 3897), ('move9', 4074), ('move10', 4584), ('move7', 9784), ('move1', 17342)]