B-50-100-8.ctp 0.00 5085.00 8 1 515 [11, 3, 13, 40, 5, 46, 30, 26] [[11, 3, 13, 40, 5, 46, 30, 26]]
B-50-150-4.ctp 0.00 7800.00 9 3 806 [41, 12, 1, 49, 20, 45, 24, 26, 11] [[41, 12, 1, 49], [20], [45, 24, 26, 11]]
B-75-75-6.ctp 0.00 5448.00 7 2 568 [52, 18, 56, 29, 67, 1, 5] [[52], [18, 56, 29, 67, 1, 5]]
B-50-50-6.ctp 0.00 6287.00 7 2 366 [24, 33, 13, 1, 42, 37, 11] [[24, 33, 13, 1, 42, 37], [11]]
B-25-75-6.ctp 0.00 5376.00 6 1 236 [8, 24, 23, 21, 22, 19] [[8, 24, 23, 21, 22, 19]]
B-50-100-5.ctp 0.00 5961.00 9 2 650 [23, 31, 28, 11, 14, 30, 5, 21, 46] [[23, 31, 28, 11], [14, 30, 5, 21, 46]]
B-50-50-5.ctp 0.00 6655.00 7 2 345 [48, 20, 26, 13, 1, 42, 8] [[48, 20], [26, 13, 1, 42, 8]]
B-50-150-5.ctp 0.00 7130.00 9 2 835 [11, 24, 45, 20, 6, 42, 1, 12, 41] [[11, 24, 45, 20], [6, 42, 1, 12, 41]]
B-50-100-6.ctp 0.00 5961.00 9 2 443 [46, 21, 5, 30, 14, 11, 28, 31, 23] [[46, 21, 5, 30, 14], [11, 28, 31, 23]]
B-50-150-8.ctp 0.00 6272.00 9 2 653 [11, 41, 12, 1, 42, 6, 24, 45, 20] [[11, 41, 12, 1, 42, 6, 24, 45], [20]]
B-100-100-5.ctp 0.00 10595.00 14 3 1313 [83, 6, 56, 26, 49, 76, 17, 12, 41, 37, 48, 67, 9, 94] [[83, 6, 56, 26], [49, 76, 17, 12, 41], [37, 48, 67, 9, 94]]
B-100-100-8.ctp 0.00 8163.00 14 2 1334 [56, 13, 41, 12, 17, 76, 51, 6, 37, 48, 85, 67, 9, 94] [[56, 13, 41, 12, 17, 76, 51, 6], [37, 48, 85, 67, 9, 94]]
B-50-50-8.ctp 0.00 5941.00 7 1 221 [11, 24, 33, 13, 1, 42, 37] [[11, 24, 33, 13, 1, 42, 37]]
B-25-75-5.ctp 0.00 5621.00 5 1 118 [8, 24, 15, 23, 19] [[8, 24, 15, 23, 19]]
B-25-75-8.ctp 0.00 5376.00 6 1 157 [8, 24, 23, 21, 22, 19] [[8, 24, 23, 21, 22, 19]]
B-75-75-8.ctp 0.00 5292.00 8 1 344 [52, 11, 18, 3, 29, 67, 1, 5] [[52, 11, 18, 3, 29, 67, 1, 5]]
B-75-75-5.ctp 0.00 5953.00 9 2 458 [3, 18, 11, 52, 14, 66, 5, 53, 64] [[3, 18, 11, 52], [14, 66, 5, 53, 64]]
B-50-150-6.ctp 0.00 7026.00 9 2 502 [11, 41, 12, 1, 42, 6, 24, 45, 20] [[11, 41, 12, 1, 42, 6], [24, 45, 20]]
B-25-75-4.ctp 0.00 6409.00 5 2 132 [2, 8, 6, 15, 23] [[2], [8, 6, 15, 23]]
B-50-100-4.ctp 0.00 6368.00 8 2 362 [34, 1, 5, 30, 45, 31, 28, 48] [[34, 1, 5, 30], [45, 31, 28, 48]]
B-100-100-6.ctp 0.00 9383.00 13 3 1279 [34, 86, 41, 12, 17, 76, 94, 71, 36, 19, 48, 67, 9] [[34, 86, 41, 12, 17, 76], [94], [71, 36, 19, 48, 67, 9]]
B-75-75-4.ctp 0.00 6724.00 8 2 390 [18, 48, 28, 45, 29, 67, 1, 5] [[18, 48, 28, 45], [29, 67, 1, 5]]
B-50-50-4.ctp 0.00 6949.00 7 2 235 [9, 48, 20, 8, 42, 1, 13] [[9, 48, 20], [8, 42, 1, 13]]
B-100-100-4.ctp 0.00 11974.00 13 4 1419 [41, 12, 17, 76, 11, 56, 86, 51, 94, 37, 48, 67, 9] [[41, 12, 17, 76], [11, 56, 86, 51], [94], [37, 48, 67, 9]]
[('move4', 911), ('move6', 3147), ('move5', 3628), ('move10', 3778), ('move3', 6071), ('move8', 6348), ('move2', 7502), ('move9', 10188), ('move7', 12286), ('move1', 16803)]