A1-13-25-75-6.ctp 13645.0 0 0:32:40.952122
A1-1-50-50-8.ctp 9130.0 9130 0:19:31.688033
A1-1-50-50-5.ctp 9220.0 9220 0:19:58.195097
A1-13-25-75-8.ctp 12767.0 0 0:30:17.175328
A1-13-25-75-4.ctp 16515.0 0 0:39:07.172946
A1-5-25-75-4.ctp 10827.0 10827 0:08:03.375022
A1-10-50-50-4.ctp 17953.0 17973 1:09:46.416304
A1-5-25-75-8.ctp 8265.0 8265 0:06:43.643768
A1-13-25-75-5.ctp 13754.0 0 0:34:12.887992
A1-10-50-50-6.ctp 14064.0 14064 1:01:50.560132
A1-25-50-50-4.ctp 26664.0 0 4:06:40.073969
A1-1-50-50-4.ctp 10271.0 10271 0:21:23.110923
A1-5-25-75-5.ctp 8659.0 8659 0:08:35.348207
A1-1-25-75-5.ctp 8479.0 8479 0:10:57.858574
A1-1-25-75-8.ctp 7985.0 7985 0:09:11.839724
A1-1-25-75-6.ctp 8479.0 8479 0:10:32.549862
A1-25-50-50-8.ctp 17127.0 0 3:12:03.222387
A1-1-50-50-6.ctp 9130.0 9130 0:20:16.404050
A1-10-50-50-5.ctp 15533.0 15440 1:05:30.952677
A1-25-50-50-6.ctp 21722.0 0 3:26:44.309562
A1-10-50-50-8.ctp 13407.0 13369 0:56:57.780892
A1-25-50-50-5.ctp 22559.0 0 3:24:44.612731
A1-1-25-75-4.ctp 8479.0 8479 0:08:51.040368
A1-5-25-75-6.ctp 8659.0 8659 0:06:44.079371
