B1-13-25-75-8.ctp 10468.0 0 0:30:26.512360
B1-10-50-50-5.ctp 13665.0 13535 0:51:26.733563
B1-5-25-75-8.ctp 8306.0 8306 0:08:50.258422
B1-1-50-50-6.ctp 9382.0 9382 0:15:58.048023
B1-5-25-75-4.ctp 9465.0 9465 0:10:46.703749
B1-1-25-75-4.ctp 7146.0 7146 0:07:55.519928
B1-25-50-50-4.ctp 31480.0 0 4:23:46.139992
B1-25-50-50-5.ctp 27160.0 0 4:09:23.333038
B1-10-50-50-6.ctp 12067.0 12067 0:42:26.195021
B1-25-50-50-8.ctp 20251.0 0 3:26:01.212211
B1-25-50-50-6.ctp 24270.0 0 3:58:52.124224
B1-1-25-75-8.ctp 6450.0 6450 0:06:36.663817
B1-5-25-75-6.ctp 9148.0 9148 0:10:23.380866
B1-13-25-75-6.ctp 11365.0 0 0:35:28.908090
B1-10-50-50-8.ctp 10344.0 10344 0:39:55.017518
B1-1-25-75-5.ctp 6901.0 6901 0:07:28.979700
B1-1-25-75-6.ctp 6450.0 6450 0:06:47.548865
B1-5-25-75-5.ctp 9460.0 9460 0:10:12.444007
B1-13-25-75-5.ctp 12713.0 0 0:35:03.040180
B1-1-50-50-5.ctp 9723.0 9723 0:13:13.436837
B1-1-50-50-4.ctp 10107.0 10107 0:11:05.883025
B1-10-50-50-4.ctp 15209.0 15209 0:42:09.482559
B1-1-50-50-8.ctp 8348.0 8348 0:11:36.981440
B1-13-25-75-4.ctp 15126.0 0 0:33:06.539695
