C1-1-25-75-5.ctp 6161.0 6161 0:03:51.563636
C1-25-50-50-8.ctp 21123.0 0 3:23:18.285472
C1-10-50-50-5.ctp 16482.0 16362 0:52:52.342499
C1-25-50-50-5.ctp 27145.0 0 4:09:31.927779
C1-13-25-75-4.ctp 18328.0 0 0:45:24.831859
C1-10-50-50-6.ctp 14915.0 14749 0:42:55.646189
C1-10-50-50-4.ctp 18252.0 18212 0:51:13.708184
C1-5-25-75-6.ctp 9321.0 9321 0:09:12.823075
C1-25-50-50-6.ctp 24190.0 0 3:53:06.996052
C1-1-50-50-6.ctp 9895.0 9895 0:16:46.598773
C1-5-25-75-4.ctp 9898.0 9898 0:09:09.455735
C1-25-50-50-4.ctp 30484.0 0 4:19:32.703714
C1-1-25-75-8.ctp 6161.0 6161 0:03:40.416895
C1-1-25-75-6.ctp 6161.0 6161 0:03:42.535188
C1-10-50-50-8.ctp 12394.0 12414 0:40:28.523348
C1-1-50-50-5.ctp 9900.0 9900 0:18:36.360147
C1-1-50-50-4.ctp 11372.0 11372 0:19:47.612338
C1-5-25-75-5.ctp 9707.0 9707 0:10:21.821409
C1-13-25-75-6.ctp 15566.0 0 0:35:09.784384
C1-1-25-75-4.ctp 6161.0 6161 0:03:13.822373
C1-5-25-75-8.ctp 7474.0 7474 0:07:37.307764
C1-1-50-50-8.ctp 8699.0 8699 0:14:20.044588
C1-13-25-75-8.ctp 12843.0 0 0:29:05.161671
C1-13-25-75-5.ctp 16827.0 0 0:33:44.289775
