D1-1-25-75-8.ctp 6651.0 6651 0:06:54.504867
D1-13-25-75-4.ctp 19508.0 0 0:40:21.251467
D1-25-50-50-8.ctp 23171.0 0 3:33:34.773698
D1-5-25-75-8.ctp 8200.0 8200 0:09:37.679693
D1-13-25-75-6.ctp 15571.0 0 0:34:45.324358
D1-1-25-75-5.ctp 7465.0 7465 0:07:31.055160
D1-1-25-75-6.ctp 6651.0 6651 0:06:30.554651
D1-1-50-50-4.ctp 11606.0 11606 0:20:04.124343
D1-13-25-75-5.ctp 16474.0 0 0:34:19.129271
D1-1-25-75-4.ctp 7671.0 7671 0:07:54.908046
D1-13-25-75-8.ctp 14182.0 0 0:30:52.614731
D1-10-50-50-5.ctp 18576.0 18576 1:02:10.976197
D1-5-25-75-5.ctp 10982.0 10982 0:10:39.947260
D1-1-50-50-8.ctp 9361.0 9361 0:17:20.472640
D1-5-25-75-4.ctp 11820.0 11820 0:10:47.843321
D1-25-50-50-6.ctp 27754.0 0 4:09:48.528652
D1-25-50-50-5.ctp 30625.0 0 4:29:47.788053
D1-25-50-50-4.ctp 35235.0 0 4:34:39.380911
D1-10-50-50-6.ctp 16603.0 16330 0:48:05.495794
D1-5-25-75-6.ctp 9676.0 9669 0:08:23.427629
D1-1-50-50-6.ctp 10525.0 10680 0:14:01.498497
D1-1-50-50-5.ctp 10770.0 10770 0:13:10.971357
D1-10-50-50-4.ctp 20982.0 20982 0:23:12.473298
D1-10-50-50-8.ctp 14204.0 14204 0:17:46.590545
