B1-5-25-75-6.ctp 9148.0 9148 0:01:58.644030
B1-25-50-50-5.ctp 32162.0 0 0:09:59.166275
B1-1-50-50-8.ctp 8379.0 8348 0:05:29.901553
B1-1-50-50-6.ctp 9465.0 9382 0:04:54.709734
B1-25-50-50-8.ctp 23663.0 0 0:10:55.630313
B1-1-25-75-8.ctp 6450.0 6450 0:03:30.512961
B1-13-25-75-5.ctp 12713.0 0 0:03:13.411229
B1-5-25-75-4.ctp 9465.0 9465 0:03:35.137450
B1-10-50-50-4.ctp 15209.0 15209 0:07:17.909987
B1-1-25-75-5.ctp 6901.0 6901 0:03:30.967789
B1-13-25-75-6.ctp 11365.0 0 0:03:49.440382
B1-1-25-75-4.ctp 7146.0 7146 0:03:41.847841
B1-1-50-50-5.ctp 9723.0 9723 0:05:08.963695
B1-1-50-50-4.ctp 10107.0 10107 0:05:02.904474
B1-10-50-50-6.ctp 12067.0 12067 0:07:06.727521
B1-25-50-50-4.ctp 35091.0 0 0:10:00.599299
B1-13-25-75-4.ctp 15126.0 0 0:03:13.320596
B1-10-50-50-5.ctp 13665.0 13535 0:07:36.420238
B1-5-25-75-5.ctp 9460.0 9460 0:03:01.151864
B1-13-25-75-8.ctp 10506.0 0 0:03:13.524135
B1-25-50-50-6.ctp 28134.0 0 0:10:21.231848
B1-10-50-50-8.ctp 10344.0 10344 0:07:14.121836
B1-5-25-75-8.ctp 8306.0 8306 0:03:15.593237
B1-1-25-75-6.ctp 6450.0 6450 0:03:41.788368
