C1-5-25-75-4.ctp 9898.0 9898 0:02:56.924168
C1-10-50-50-6.ctp 15093.0 14749 0:07:11.441058
C1-25-50-50-8.ctp 21612.0 0 0:10:22.480751
C1-5-25-75-8.ctp 7474.0 7474 0:02:18.574147
C1-1-50-50-5.ctp 9900.0 9900 0:07:00.852320
C1-10-50-50-5.ctp 16515.0 16362 0:07:13.207858
C1-1-50-50-8.ctp 8699.0 8699 0:07:34.703760
C1-25-50-50-6.ctp 27020.0 0 0:10:06.300374
C1-1-25-75-5.ctp 6161.0 6161 0:01:57.639520
C1-13-25-75-8.ctp 12843.0 0 0:04:18.516313
C1-25-50-50-5.ctp 30000.0 0 0:09:11.633518
C1-1-25-75-4.ctp 6161.0 6161 0:02:01.073961
C1-13-25-75-6.ctp 15566.0 0 0:03:55.916725
C1-10-50-50-8.ctp 12578.0 12414 0:06:53.628934
C1-1-25-75-8.ctp 6161.0 6161 0:01:54.578409
C1-1-50-50-6.ctp 9895.0 9895 0:07:06.285064
C1-1-50-50-4.ctp 11372.0 11372 0:07:13.186971
C1-10-50-50-4.ctp 18266.0 18212 0:06:54.959678
C1-13-25-75-5.ctp 16827.0 0 0:04:09.708646
C1-1-25-75-6.ctp 6161.0 6161 0:01:53.883163
C1-25-50-50-4.ctp 34815.0 0 0:09:25.320451
C1-13-25-75-4.ctp 18294.0 0 0:03:51.835798
C1-5-25-75-6.ctp 9321.0 9321 0:02:47.531564
C1-5-25-75-5.ctp 9707.0 9707 0:02:38.889741
