D1-25-50-50-5.ctp 33409.0 0 0:11:23.530850
D1-1-50-50-4.ctp 11606.0 11606 0:06:46.185572
D1-13-25-75-4.ctp 19508.0 0 0:03:51.072189
D1-13-25-75-8.ctp 14182.0 0 0:03:54.135712
D1-25-50-50-6.ctp 30853.0 0 0:11:50.180199
D1-10-50-50-8.ctp 14787.0 14204 0:08:59.881079
D1-10-50-50-5.ctp 18907.0 18576 0:08:55.070327
D1-1-50-50-6.ctp 10525.0 10680 0:07:06.108305
D1-5-25-75-4.ctp 11820.0 11820 0:03:29.720024
D1-1-25-75-5.ctp 7465.0 7465 0:03:02.663700
D1-25-50-50-8.ctp 26302.0 0 0:12:07.636528
D1-5-25-75-5.ctp 10982.0 10982 0:02:49.795453
D1-10-50-50-4.ctp 21120.0 20982 0:08:32.599709
D1-10-50-50-6.ctp 16824.0 16330 0:08:15.128260
D1-1-25-75-6.ctp 6651.0 6651 0:03:08.833316
D1-1-50-50-5.ctp 10770.0 10770 0:06:50.862552
D1-5-25-75-6.ctp 9676.0 9669 0:03:00.255745
D1-1-50-50-8.ctp 9361.0 9361 0:06:36.768219
D1-25-50-50-4.ctp 41377.0 0 0:10:50.063952
D1-1-25-75-8.ctp 6651.0 6651 0:01:58.586446
D1-1-25-75-4.ctp 7671.0 7671 0:02:24.273156
D1-13-25-75-5.ctp 16474.0 0 0:01:40.255178
D1-13-25-75-6.ctp 15571.0 0 0:01:44.022094
D1-5-25-75-8.ctp 8200.0 8200 0:01:31.746661
